D:\projects\MBSoft\Visual CPP\MFC\MBSoft Paint 2000\HelpFiles\Paint 2000.chm

Compiled file version 3
Compiled on May 21, 2000, at 1:14 AM
Compiled with HHA Version 4.74.8702
Default HTML file: html/paint2000.htm
Default window title: MB Software Paint 2000
Default TOC: toc-Paint 2000.hhc
Default Index: html/Index.hhk

$FIftiMain	0 bytes
$OBJINST	2,715 bytes
Folder: $WWAssociativeLinks
    Property	4 bytes
Folder: $WWKeywordLinks
    BTree	2,124 bytes
    Data	221 bytes
    Map	10 bytes
    Property	32 bytes
Folder: html
    author.htm	806 bytes
    cursors.htm	4,338 bytes
    disclaimer.htm	1,830 bytes
    features.htm	754 bytes
    howtoregister.htm	2,669 bytes
    howtouse.htm	9,619 bytes
    icon.htm	3,528 bytes
    Folder: images
        starti1.gif	6,355 bytes
        starti10.jpg	808 bytes
        starti11.jpg	5,125 bytes
        starti12.jpg	3,140 bytes
        starti13.jpg	4,051 bytes
        starti14.jpg	3,859 bytes
        starti15.jpg	1,959 bytes
        starti16.jpg	1,069 bytes
        starti17.jpg	21,781 bytes
        starti18.jpg	4,441 bytes
        starti19.jpg	27,195 bytes
        starti1_small.gif	1,727 bytes
        starti2.jpg	12,284 bytes
        starti20.jpg	8,913 bytes
        starti21.jpg	5,256 bytes
        starti22.jpg	1,703 bytes
        starti23.jpg	16,833 bytes
        starti24.jpg	11,269 bytes
        starti2_small.jpg	1,224 bytes
        starti4.jpg	5,200 bytes
        starti5.jpg	1,121 bytes
        starti6.jpg	23,523 bytes
        starti7.jpg	599 bytes
        starti8.jpg	604 bytes
        starti9.jpg	579 bytes
    Index.hhk	3,474 bytes
    introduction.htm	1,887 bytes
    mainapp-buttom.htm	932 bytes
    mainapp-top.htm	545 bytes
    mainapp.htm	524 bytes
    mfc-starting-buttom.htm	1,112 bytes
    mfc-starting-top.htm	451 bytes
    mfc-starting.htm	537 bytes
    paint2000.htm	581 bytes
    toolbars.htm	6,392 bytes
toc-Paint 2000.hhc	3,059 bytes
4 folders, 50 files, 218,762 bytes
Microsoft HTML Help Compiler 4.74.8702

Compiling d:\projects\MBSoft\Visual CPP\MFC\MBSoft Paint 2000\HelpFiles\Paint 2000.chm


Compile time: 0 minutes, 4 seconds
22	Topics
30	Local links
10	Internet links
25	Graphics


Created d:\projects\MBSoft\Visual CPP\MFC\MBSoft Paint 2000\HelpFiles\Paint 2000.chm, 151,057 bytes
Compression decreased file by 62,585 bytes.
Microsoft HTML Help Compiler 4.74.8702

Compiling d:\projects\MBSoft\Visual CPP\MFC\MBSoft Paint 2000\HelpFiles\Paint 2000.chm

html\paint2000.htm
html\introduction.htm
html\mfc-starting.htm
html\author.htm
html\mainapp.htm
html\icon.htm
html\cursors.htm
html\toolbars.htm
html\howtouse.htm
html\disclaimer.htm
html\howtoregister.htm
html\features.htm
html\mfc-starting-top.htm
html\mfc-starting-buttom.htm
html\mainapp-top.htm
html\mainapp-buttom.htm
html\images\starti4.jpg
html\images\starti5.jpg
html\images\starti6.jpg
html\images\starti7.jpg
html\images\starti8.jpg
html\images\starti9.jpg
html\images\starti10.jpg
html\images\starti11.jpg
html\images\starti12.jpg
html\images\starti13.jpg
html\images\starti14.jpg
html\images\starti15.jpg
html\images\starti16.jpg
html\images\starti17.jpg
html\images\starti18.jpg
html\images\starti19.jpg
html\images\starti20.jpg
html\images\starti21.jpg
html\images\starti22.jpg
html\images\starti23.jpg
html\images\starti24.jpg
html\images\starti1.gif
html\images\starti1_small.gif
html\images\starti2.jpg
html\images\starti2_small.jpg

Compile time: 0 minutes, 5 seconds
22	Topics
30	Local links
10	Internet links
25	Graphics


Created d:\projects\MBSoft\Visual CPP\MFC\MBSoft Paint 2000\HelpFiles\Paint 2000.chm, 157,259 bytes
Compression decreased file by 56,383 bytes.
Microsoft HTML Help Compiler 4.74.8702

Compiling d:\projects\MBSoft\Visual CPP\MFC\MBSoft Paint 2000\HelpFiles\Paint 2000.chm

html\paint2000.htm
html\introduction.htm
html\mfc-starting.htm
html\author.htm
html\mainapp.htm
html\icon.htm
html\cursors.htm
html\toolbars.htm
html\howtouse.htm
html\disclaimer.htm
html\howtoregister.htm
html\features.htm
html\mfc-starting-top.htm
html\mfc-starting-buttom.htm
html\mainapp-top.htm
html\mainapp-buttom.htm
html\images\starti1.gif
html\images\starti4.jpg
html\images\starti5.jpg
html\images\starti6.jpg
html\images\starti7.jpg
html\images\starti8.jpg
html\images\starti9.jpg
html\images\starti10.jpg
html\images\starti11.jpg
html\images\starti12.jpg
html\images\starti13.jpg
html\images\starti14.jpg
html\images\starti15.jpg
html\images\starti16.jpg
html\images\starti17.jpg
html\images\starti18.jpg
html\images\starti19.jpg
html\images\starti20.jpg
html\images\starti21.jpg
html\images\starti22.jpg
html\images\starti23.jpg
html\images\starti24.jpg
html\images\starti1_small.gif
html\images\starti2.jpg
html\images\starti2_small.jpg

Compile time: 0 minutes, 5 seconds
22	Topics
30	Local links
10	Internet links
25	Graphics


Created d:\projects\MBSoft\Visual CPP\MFC\MBSoft Paint 2000\HelpFiles\Paint 2000.chm, 156,999 bytes
Compression decreased file by 56,756 bytes.
Microsoft HTML Help Compiler 4.74.8702

Compiling d:\projects\MBSoft\Visual CPP\MFC\MBSoft Paint 2000\HelpFiles\Paint 2000.chm

html\paint2000.htm
html\introduction.htm
html\mfc-starting.htm
html\author.htm
html\mainapp.htm
html\icon.htm
html\cursors.htm
html\toolbars.htm
html\howtouse.htm
html\disclaimer.htm
html\howtoregister.htm
html\features.htm
html\mfc-starting-top.htm
html\mfc-starting-buttom.htm
html\mainapp-top.htm
html\mainapp-buttom.htm
html\images\starti1.gif
html\images\starti4.jpg
html\images\starti5.jpg
html\images\starti6.jpg
html\images\starti7.jpg
html\images\starti8.jpg
html\images\starti9.jpg
html\images\starti10.jpg
html\images\starti11.jpg
html\images\starti12.jpg
html\images\starti13.jpg
html\images\starti14.jpg
html\images\starti15.jpg
html\images\starti16.jpg
html\images\starti17.jpg
html\images\starti18.jpg
html\images\starti19.jpg
html\images\starti20.jpg
html\images\starti21.jpg
html\images\starti22.jpg
html\images\starti23.jpg
html\images\starti24.jpg
html\images\starti1_small.gif
html\images\starti2.jpg
html\images\starti2_small.jpg

Compile time: 0 minutes, 5 seconds
22	Topics
30	Local links
10	Internet links
25	Graphics


Created d:\projects\MBSoft\Visual CPP\MFC\MBSoft Paint 2000\HelpFiles\Paint 2000.chm, 156,997 bytes
Compression decreased file by 56,758 bytes.
Microsoft HTML Help Compiler 4.74.8702

Compiling d:\projects\MBSoft\Visual CPP\MFC\MBSoft Paint 2000\HelpFiles\Paint 2000.chm

html\paint2000.htm
html\introduction.htm
html\mfc-starting.htm
html\author.htm
html\mainapp.htm
html\icon.htm
html\cursors.htm
html\toolbars.htm
html\howtouse.htm
html\disclaimer.htm
html\howtoregister.htm
html\features.htm
html\mfc-starting-top.htm
html\mfc-starting-buttom.htm
html\mainapp-top.htm
html\mainapp-buttom.htm
html\images\starti1.gif
html\images\starti4.jpg
html\images\starti5.jpg
html\images\starti6.jpg
html\images\starti7.jpg
html\images\starti8.jpg
html\images\starti9.jpg
html\images\starti10.jpg
html\images\starti11.jpg
html\images\starti12.jpg
html\images\starti13.jpg
html\images\starti14.jpg
html\images\starti15.jpg
html\images\starti16.jpg
html\images\starti17.jpg
html\images\starti18.jpg
html\images\starti19.jpg
html\images\starti20.jpg
html\images\starti21.jpg
html\images\starti22.jpg
html\images\starti23.jpg
html\images\starti24.jpg
html\images\starti1_small.gif
html\images\starti2.jpg
html\images\starti2_small.jpg

Compile time: 0 minutes, 4 seconds
22	Topics
30	Local links
10	Internet links
25	Graphics


Created d:\projects\MBSoft\Visual CPP\MFC\MBSoft Paint 2000\HelpFiles\Paint 2000.chm, 157,005 bytes
Compression decreased file by 56,791 bytes.
Microsoft HTML Help Compiler 4.74.8702

Compiling d:\projects\MBSoft\Visual CPP\MFC\MBSoft Paint 2000\HelpFiles\Paint 2000.chm

html\paint2000.htm
html\introduction.htm
html\mfc-starting.htm
html\author.htm
html\mainapp.htm
html\icon.htm
html\cursors.htm
html\toolbars.htm
html\howtouse.htm
html\disclaimer.htm
html\howtoregister.htm
html\features.htm
html\mfc-starting-top.htm
html\mfc-starting-buttom.htm
html\mainapp-top.htm
html\mainapp-buttom.htm
html\images\starti1.gif
html\images\starti4.jpg
html\images\starti5.jpg
html\images\starti6.jpg
html\images\starti7.jpg
html\images\starti8.jpg
html\images\starti9.jpg
html\images\starti10.jpg
html\images\starti11.jpg
html\images\starti12.jpg
html\images\starti13.jpg
html\images\starti14.jpg
html\images\starti15.jpg
html\images\starti16.jpg
html\images\starti17.jpg
html\images\starti18.jpg
html\images\starti19.jpg
html\images\starti20.jpg
html\images\starti21.jpg
html\images\starti22.jpg
html\images\starti23.jpg
html\images\starti24.jpg
html\images\starti1_small.gif
html\images\starti2.jpg
html\images\starti2_small.jpg

Compile time: 0 minutes, 4 seconds
22	Topics
30	Local links
10	Internet links
25	Graphics


Created d:\projects\MBSoft\Visual CPP\MFC\MBSoft Paint 2000\HelpFiles\Paint 2000.chm, 156,971 bytes
Compression decreased file by 57,135 bytes.
Microsoft HTML Help Compiler 4.74.8702

Compiling d:\projects\MBSoft\Visual CPP\MFC\MBSoft Paint 2000\HelpFiles\Paint 2000.chm

html\paint2000.htm
html\introduction.htm
html\mfc-starting.htm
html\author.htm
html\mainapp.htm
html\icon.htm
html\cursors.htm
html\toolbars.htm
html\howtouse.htm
html\disclaimer.htm
html\howtoregister.htm
html\features.htm
html\mfc-starting-top.htm
html\mfc-starting-buttom.htm
html\mainapp-top.htm
html\mainapp-buttom.htm
html\images\starti1.gif
html\images\starti4.jpg
html\images\starti5.jpg
html\images\starti6.jpg
html\images\starti7.jpg
html\images\starti8.jpg
html\images\starti9.jpg
html\images\starti10.jpg
html\images\starti11.jpg
html\images\starti12.jpg
html\images\starti13.jpg
html\images\starti14.jpg
html\images\starti15.jpg
html\images\starti16.jpg
html\images\starti17.jpg
html\images\starti18.jpg
html\images\starti19.jpg
html\images\starti20.jpg
html\images\starti21.jpg
html\images\starti22.jpg
html\images\starti23.jpg
html\images\starti24.jpg
html\images\starti1_small.gif
html\images\starti2.jpg
html\images\starti2_small.jpg

Compile time: 0 minutes, 4 seconds
22	Topics
30	Local links
10	Internet links
25	Graphics


Created d:\projects\MBSoft\Visual CPP\MFC\MBSoft Paint 2000\HelpFiles\Paint 2000.chm, 157,005 bytes
Compression decreased file by 56,793 bytes.
HHC5010: Error: Cannot open "d:\projects\MBSoft\Visual CPP\MFC\MBSoft Paint 2000\HelpFiles\Paint 2000.chm". Compilation stopped.
