Microsoft HTML Help Compiler 4.74.8702

Compiling d:\projects\MBSoft\Visual CPP\MFC\MBSoft Paint 2000\HelpFiles\Paint 2000.chm

html\paint2000.htm
html\introduction.htm
html\mfc-starting.htm
html\author.htm
html\mainapp.htm
html\icon.htm
html\cursors.htm
html\toolbars.htm
html\howtouse.htm
html\disclaimer.htm
html\howtoregister.htm
html\features.htm
html\mfc-starting-top.htm
html\mfc-starting-buttom.htm
html\mainapp-top.htm
html\mainapp-buttom.htm
html\images\starti1.gif
html\images\starti4.jpg
html\images\starti5.jpg
html\images\starti6.jpg
html\images\starti7.jpg
html\images\starti8.jpg
html\images\starti9.jpg
html\images\starti10.jpg
html\images\starti11.jpg
html\images\starti12.jpg
html\images\starti13.jpg
html\images\starti14.jpg
html\images\starti15.jpg
html\images\starti16.jpg
html\images\starti17.jpg
html\images\starti18.jpg
html\images\starti19.jpg
html\images\starti20.jpg
html\images\starti21.jpg
html\images\starti22.jpg
html\images\starti23.jpg
html\images\starti24.jpg
html\images\starti1_small.gif
html\images\starti2.jpg
html\images\starti2_small.jpg

Compile time: 0 minutes, 6 seconds
22	Topics
30	Local links
10	Internet links
25	Graphics


Created d:\projects\MBSoft\Visual CPP\MFC\MBSoft Paint 2000\HelpFiles\Paint 2000.chm, 157,003 bytes
Compression decreased file by 56,793 bytes.
